2023/06/23 10:35:50 [notice] 1#1: using the "epoll" event method
2023/06/23 10:35:50 [notice] 1#1: nginx/1.25.1
2023/06/23 10:35:50 [notice] 1#1: built by gcc 12.2.0 (Debian 12.2.0-14) 
2023/06/23 10:35:50 [notice] 1#1: OS: Linux 5.15.49-linuxkit-pr
2023/06/23 10:35:50 [notice] 1#1: getrlimit(RLIMIT_NOFILE): 1048576:1048576
2023/06/23 10:35:50 [notice] 1#1: start worker processes
2023/06/23 10:35:50 [notice] 1#1: start worker process 20
2023/06/23 10:35:50 [notice] 1#1: start worker process 21
2023/06/23 10:35:50 [notice] 1#1: start worker process 22
2023/06/23 10:35:50 [notice] 1#1: start worker process 23
2023/06/23 10:35:50 [notice] 1#1: start worker process 24
2023/06/23 10:38:24 [error] 20#20: *1 connect() failed (111: Connection refused) while connecting to upstream, client: 172.17.0.1, server: demo.local, request: "GET /api/articles HTTP/1.1", upstream: "http://172.17.0.1:8080/api/articles", host: "demo.local:888"
2023/06/23 10:39:47 [error] 21#21: *3 connect() failed (111: Connection refused) while connecting to upstream, client: 172.17.0.1, server: demo.local, request: "GET /api/articles HTTP/1.1", upstream: "http://172.17.0.1:8080/api/articles", host: "demo.local:888"
2023/06/23 10:43:42 [notice] 1#1: signal 3 (SIGQUIT) received, shutting down
2023/06/23 10:43:42 [notice] 21#21: gracefully shutting down
2023/06/23 10:43:42 [notice] 20#20: gracefully shutting down
2023/06/23 10:43:42 [notice] 22#22: gracefully shutting down
2023/06/23 10:43:42 [notice] 23#23: gracefully shutting down
2023/06/23 10:43:42 [notice] 24#24: gracefully shutting down
2023/06/23 10:43:42 [notice] 21#21: exiting
2023/06/23 10:43:42 [notice] 20#20: exiting
2023/06/23 10:43:42 [notice] 22#22: exiting
2023/06/23 10:43:42 [notice] 23#23: exiting
2023/06/23 10:43:42 [notice] 24#24: exiting
2023/06/23 10:43:42 [notice] 21#21: exit
2023/06/23 10:43:42 [notice] 20#20: exit
2023/06/23 10:43:42 [notice] 22#22: exit
2023/06/23 10:43:42 [notice] 23#23: exit
2023/06/23 10:43:42 [notice] 24#24: exit
2023/06/23 10:43:42 [notice] 1#1: signal 17 (SIGCHLD) received from 24
2023/06/23 10:43:42 [notice] 1#1: worker process 20 exited with code 0
2023/06/23 10:43:42 [notice] 1#1: worker process 21 exited with code 0
2023/06/23 10:43:42 [notice] 1#1: worker process 22 exited with code 0
2023/06/23 10:43:42 [notice] 1#1: worker process 23 exited with code 0
2023/06/23 10:43:42 [notice] 1#1: worker process 24 exited with code 0
2023/06/23 10:43:42 [notice] 1#1: exit
2023/06/23 10:43:50 [notice] 1#1: using the "epoll" event method
2023/06/23 10:43:50 [notice] 1#1: nginx/1.25.1
2023/06/23 10:43:50 [notice] 1#1: built by gcc 12.2.0 (Debian 12.2.0-14) 
2023/06/23 10:43:50 [notice] 1#1: OS: Linux 5.15.49-linuxkit-pr
2023/06/23 10:43:50 [notice] 1#1: getrlimit(RLIMIT_NOFILE): 1048576:1048576
2023/06/23 10:43:50 [notice] 1#1: start worker processes
2023/06/23 10:43:50 [notice] 1#1: start worker process 20
2023/06/23 10:43:50 [notice] 1#1: start worker process 21
2023/06/23 10:43:50 [notice] 1#1: start worker process 22
2023/06/23 10:43:50 [notice] 1#1: start worker process 23
2023/06/23 10:43:50 [notice] 1#1: start worker process 24
2023/06/23 10:54:57 [notice] 1#1: signal 3 (SIGQUIT) received, shutting down
2023/06/23 10:54:57 [notice] 20#20: gracefully shutting down
2023/06/23 10:54:57 [notice] 22#22: gracefully shutting down
2023/06/23 10:54:57 [notice] 21#21: gracefully shutting down
2023/06/23 10:54:57 [notice] 23#23: gracefully shutting down
2023/06/23 10:54:57 [notice] 24#24: gracefully shutting down
2023/06/23 10:54:57 [notice] 20#20: exiting
2023/06/23 10:54:57 [notice] 22#22: exiting
2023/06/23 10:54:57 [notice] 21#21: exiting
2023/06/23 10:54:57 [notice] 23#23: exiting
2023/06/23 10:54:57 [notice] 24#24: exiting
2023/06/23 10:54:57 [notice] 20#20: exit
2023/06/23 10:54:57 [notice] 22#22: exit
2023/06/23 10:54:57 [notice] 21#21: exit
2023/06/23 10:54:57 [notice] 23#23: exit
2023/06/23 10:54:57 [notice] 24#24: exit
2023/06/23 10:54:57 [notice] 1#1: signal 17 (SIGCHLD) received from 21
2023/06/23 10:54:57 [notice] 1#1: worker process 21 exited with code 0
2023/06/23 10:54:57 [notice] 1#1: signal 29 (SIGIO) received
2023/06/23 10:54:57 [notice] 1#1: signal 17 (SIGCHLD) received from 20
2023/06/23 10:54:57 [notice] 1#1: worker process 20 exited with code 0
2023/06/23 10:54:57 [notice] 1#1: worker process 22 exited with code 0
2023/06/23 10:54:57 [notice] 1#1: signal 29 (SIGIO) received
2023/06/23 10:54:57 [notice] 1#1: signal 17 (SIGCHLD) received from 23
2023/06/23 10:54:57 [notice] 1#1: worker process 23 exited with code 0
2023/06/23 10:54:57 [notice] 1#1: signal 29 (SIGIO) received
2023/06/23 10:54:57 [notice] 1#1: signal 17 (SIGCHLD) received from 24
2023/06/23 10:54:57 [notice] 1#1: worker process 24 exited with code 0
2023/06/23 10:54:57 [notice] 1#1: exit
2023/06/23 10:56:36 [notice] 1#1: using the "epoll" event method
2023/06/23 10:56:36 [notice] 1#1: nginx/1.25.1
2023/06/23 10:56:36 [notice] 1#1: built by gcc 12.2.0 (Debian 12.2.0-14) 
2023/06/23 10:56:36 [notice] 1#1: OS: Linux 5.15.49-linuxkit-pr
2023/06/23 10:56:36 [notice] 1#1: getrlimit(RLIMIT_NOFILE): 1048576:1048576
2023/06/23 10:56:36 [notice] 1#1: start worker processes
2023/06/23 10:56:36 [notice] 1#1: start worker process 20
2023/06/23 10:56:36 [notice] 1#1: start worker process 21
2023/06/23 10:56:36 [notice] 1#1: start worker process 22
2023/06/23 10:56:36 [notice] 1#1: start worker process 23
2023/06/23 10:56:36 [notice] 1#1: start worker process 24
2023/06/23 10:58:19 [notice] 1#1: signal 3 (SIGQUIT) received, shutting down
2023/06/23 10:58:19 [notice] 20#20: gracefully shutting down
2023/06/23 10:58:19 [notice] 21#21: gracefully shutting down
2023/06/23 10:58:19 [notice] 21#21: exiting
2023/06/23 10:58:19 [notice] 23#23: gracefully shutting down
2023/06/23 10:58:19 [notice] 22#22: gracefully shutting down
2023/06/23 10:58:19 [notice] 24#24: gracefully shutting down
2023/06/23 10:58:19 [notice] 20#20: exiting
2023/06/23 10:58:19 [notice] 21#21: exit
2023/06/23 10:58:19 [notice] 23#23: exiting
2023/06/23 10:58:19 [notice] 22#22: exiting
2023/06/23 10:58:19 [notice] 22#22: exit
2023/06/23 10:58:19 [notice] 24#24: exiting
2023/06/23 10:58:19 [notice] 20#20: exit
2023/06/23 10:58:19 [notice] 23#23: exit
2023/06/23 10:58:19 [notice] 24#24: exit
2023/06/23 10:58:19 [notice] 1#1: signal 17 (SIGCHLD) received from 21
2023/06/23 10:58:19 [notice] 1#1: worker process 21 exited with code 0
2023/06/23 10:58:19 [notice] 1#1: signal 29 (SIGIO) received
2023/06/23 10:58:19 [notice] 1#1: signal 17 (SIGCHLD) received from 22
2023/06/23 10:58:19 [notice] 1#1: worker process 22 exited with code 0
2023/06/23 10:58:19 [notice] 1#1: worker process 23 exited with code 0
2023/06/23 10:58:19 [notice] 1#1: signal 29 (SIGIO) received
2023/06/23 10:58:19 [notice] 1#1: signal 17 (SIGCHLD) received from 20
2023/06/23 10:58:19 [notice] 1#1: worker process 20 exited with code 0
2023/06/23 10:58:19 [notice] 1#1: signal 29 (SIGIO) received
2023/06/23 10:58:19 [notice] 1#1: signal 17 (SIGCHLD) received from 24
2023/06/23 10:58:19 [notice] 1#1: worker process 24 exited with code 0
2023/06/23 10:58:19 [notice] 1#1: exit
2023/06/23 10:58:21 [notice] 1#1: using the "epoll" event method
2023/06/23 10:58:21 [notice] 1#1: nginx/1.25.1
2023/06/23 10:58:21 [notice] 1#1: built by gcc 12.2.0 (Debian 12.2.0-14) 
2023/06/23 10:58:21 [notice] 1#1: OS: Linux 5.15.49-linuxkit-pr
2023/06/23 10:58:21 [notice] 1#1: getrlimit(RLIMIT_NOFILE): 1048576:1048576
2023/06/23 10:58:21 [notice] 1#1: start worker processes
2023/06/23 10:58:21 [notice] 1#1: start worker process 20
2023/06/23 10:58:21 [notice] 1#1: start worker process 21
2023/06/23 10:58:21 [notice] 1#1: start worker process 22
2023/06/23 10:58:21 [notice] 1#1: start worker process 23
2023/06/23 10:58:21 [notice] 1#1: start worker process 24
2023/06/23 11:18:43 [notice] 1#1: signal 3 (SIGQUIT) received, shutting down
2023/06/23 11:18:43 [notice] 22#22: gracefully shutting down
2023/06/23 11:18:43 [notice] 24#24: gracefully shutting down
2023/06/23 11:18:43 [notice] 24#24: exiting
2023/06/23 11:18:43 [notice] 20#20: gracefully shutting down
2023/06/23 11:18:43 [notice] 21#21: gracefully shutting down
2023/06/23 11:18:43 [notice] 23#23: gracefully shutting down
2023/06/23 11:18:43 [notice] 22#22: exiting
2023/06/23 11:18:43 [notice] 24#24: exit
2023/06/23 11:18:43 [notice] 20#20: exiting
2023/06/23 11:18:43 [notice] 20#20: exit
2023/06/23 11:18:43 [notice] 21#21: exiting
2023/06/23 11:18:43 [notice] 23#23: exiting
2023/06/23 11:18:43 [notice] 22#22: exit
2023/06/23 11:18:43 [notice] 21#21: exit
2023/06/23 11:18:43 [notice] 23#23: exit
2023/06/23 11:18:43 [notice] 1#1: signal 17 (SIGCHLD) received from 24
2023/06/23 11:18:43 [notice] 1#1: worker process 24 exited with code 0
2023/06/23 11:18:43 [notice] 1#1: worker process 20 exited with code 0
2023/06/23 11:18:43 [notice] 1#1: signal 29 (SIGIO) received
2023/06/23 11:18:43 [notice] 1#1: signal 17 (SIGCHLD) received from 20
2023/06/23 11:18:43 [notice] 1#1: worker process 21 exited with code 0
2023/06/23 11:18:43 [notice] 1#1: worker process 22 exited with code 0
2023/06/23 11:18:43 [notice] 1#1: signal 29 (SIGIO) received
2023/06/23 11:18:43 [notice] 1#1: signal 17 (SIGCHLD) received from 21
2023/06/23 11:18:43 [notice] 1#1: signal 17 (SIGCHLD) received from 23
2023/06/23 11:18:43 [notice] 1#1: worker process 23 exited with code 0
2023/06/23 11:18:43 [notice] 1#1: exit
2023/06/23 11:25:54 [notice] 1#1: using the "epoll" event method
2023/06/23 11:25:54 [notice] 1#1: nginx/1.25.1
2023/06/23 11:25:54 [notice] 1#1: built by gcc 12.2.0 (Debian 12.2.0-14) 
2023/06/23 11:25:54 [notice] 1#1: OS: Linux 5.15.49-linuxkit-pr
2023/06/23 11:25:54 [notice] 1#1: getrlimit(RLIMIT_NOFILE): 1048576:1048576
2023/06/23 11:25:54 [notice] 1#1: start worker processes
2023/06/23 11:25:54 [notice] 1#1: start worker process 19
2023/06/23 11:25:54 [notice] 1#1: start worker process 20
2023/06/23 11:25:54 [notice] 1#1: start worker process 21
2023/06/23 11:25:54 [notice] 1#1: start worker process 22
2023/06/23 11:25:54 [notice] 1#1: start worker process 23
